Using pre-set license
Built from '2020.3/staging' branch; Version is '2020.3.0f1 (c7b5465681fb) revision 13088070'; Using compiler version '192528614'; Build Type 'Release'
OS: 'Windows 10 Pro; OS build 19043.1237; Version 2009; 64bit' Language: 'en' Physical Memory: 16280 MB
BatchMode: 1, IsHumanControllingUs: 0, StartBugReporterOnCrash: 0, Is64bit: 1, IsPro: 0

 COMMAND LINE ARGUMENTS:
C:\Program Files\Unity\Hub\Editor\2020.3.0f1\Editor\Unity.exe
-adb2
-batchMode
-noUpm
-name
AssetImportWorker0
-projectPath
D:/Bilgi_Picker3D/Bilgi_Picker3D
-logFile
Logs/AssetImportWorker0.log
-srvPort
64056
Successfully changed project path to: D:/Bilgi_Picker3D/Bilgi_Picker3D
D:/Bilgi_Picker3D/Bilgi_Picker3D
Using Asset Import Pipeline V2.
Refreshing native plugins compatible for Editor in 43.57 ms, found 0 plugins.
Preloading 0 native plugins for Editor in 0.00 ms.
Initialize engine version: 2020.3.0f1 (c7b5465681fb)
[Subsystems] Discovering subsystems at path C:/Program Files/Unity/Hub/Editor/2020.3.0f1/Editor/Data/Resources/UnitySubsystems
[Subsystems] Discovering subsystems at path D:/Bilgi_Picker3D/Bilgi_Picker3D/Assets
GfxDevice: creating device client; threaded=0
Direct3D:
    Version:  Direct3D 11.0 [level 11.1]
    Renderer: Intel(R) HD Graphics 530 (ID=0x1912)
    Vendor:   
    VRAM:     8140 MB
    Driver:   27.20.100.8681
Shader 'Universal Render Pipeline/Particles/Lit': fallback shader 'Universal Render Pipeline/Particles/SimpleLit' not found
Initialize mono
Mono path[0] = 'C:/Program Files/Unity/Hub/Editor/2020.3.0f1/Editor/Data/Managed'
Mono path[1] = 'C:/Program Files/Unity/Hub/Editor/2020.3.0f1/Editor/Data/MonoBleedingEdge/lib/mono/unityjit'
Mono config path = 'C:/Program Files/Unity/Hub/Editor/2020.3.0f1/Editor/Data/MonoBleedingEdge/etc'
Using monoOptions --debugger-agent=transport=dt_socket,embedding=1,server=y,suspend=n,address=127.0.0.1:56564
Begin MonoManager ReloadAssembly
Registering precompiled unity dll's ...
Register platform support module: C:/Program Files/Unity/Hub/Editor/2020.3.0f1/Editor/Data/PlaybackEngines/WindowsStandaloneSupport/UnityEditor.WindowsStandalone.Extensions.dll
Registered in 0.001804 seconds.
Native extension for WindowsStandalone target not found
Refreshing native plugins compatible for Editor in 39.34 ms, found 0 plugins.
Preloading 0 native plugins for Editor in 0.00 ms.
Invoked RoslynAnalysisRunner static constructor.
RoslynAnalysisRunner will not be running.
RoslynAnalysisRunner has terminated.
Mono: successfully reloaded assembly
- Completed reload, in  1.061 seconds
Platform modules already initialized, skipping
Registering precompiled user dll's ...
Registered in 0.000996 seconds.
Begin MonoManager ReloadAssembly
Native extension for WindowsStandalone target not found
Refreshing native plugins compatible for Editor in 40.02 ms, found 0 plugins.
Preloading 0 native plugins for Editor in 0.00 ms.
Invoked RoslynAnalysisRunner static constructor.
RoslynAnalysisRunner will not be running.
RoslynAnalysisRunner has terminated.
Mono: successfully reloaded assembly
- Completed reload, in  0.907 seconds
Platform modules already initialized, skipping
========================================================================
Worker process is ready to serve import requests
Shader 'Universal Render Pipeline/Particles/Lit': fallback shader 'Universal Render Pipeline/Particles/SimpleLit' not found
Launched and connected shader compiler UnityShaderCompiler.exe after 0.07 seconds
Refreshing native plugins compatible for Editor in 0.42 ms, found 0 plugins.
Preloading 0 native plugins for Editor in 0.00 ms.
Unloading 2365 Unused Serialized files (Serialized files now loaded: 0)
System memory in use before: 107.1 MB.
System memory in use after: 107.2 MB.

Unloading 11 unused Assets to reduce memory usage. Loaded Objects now: 2807.
Total: 3.176800 ms (FindLiveObjects: 0.630800 ms CreateObjectMapping: 0.128500 ms MarkObjects: 2.269800 ms  DeleteObjects: 0.146400 ms)

========================================================================
Received Import Request.
  path: Assets
  artifactKey: Guid(00000000000000001000000000000000) Importer(815301076,1909f56bfc062723c751e8b465ee728b)
Start importing Assets using Guid(00000000000000001000000000000000) Importer(815301076,1909f56bfc062723c751e8b465ee728b)  -> (artifact id: '42baae205c97e3337697759514652acd') in 0.008645 seconds
  Import took 0.012561 seconds .

========================================================================
Received Import Request.
  Time since last request: 2.049387 seconds.
  path: Assets/Settings
  artifactKey: Guid(1ef4eed73b05c304c8194bc3ada4b961) Importer(815301076,1909f56bfc062723c751e8b465ee728b)
Start importing Assets/Settings using Guid(1ef4eed73b05c304c8194bc3ada4b961) Importer(815301076,1909f56bfc062723c751e8b465ee728b)  -> (artifact id: '49f2db4d32dbcef77675b775b7bc05b4') in 0.009251 seconds
  Import took 0.014921 seconds .

========================================================================
Received Import Request.
  Time since last request: 134.300924 seconds.
  path: Assets/Settings/UniversalRenderPipelineAsset.asset
  artifactKey: Guid(17527289b4659914fb84ec15c684132d) Importer(815301076,1909f56bfc062723c751e8b465ee728b)
Start importing Assets/Settings/UniversalRenderPipelineAsset.asset using Guid(17527289b4659914fb84ec15c684132d) Importer(815301076,1909f56bfc062723c751e8b465ee728b)  -> (artifact id: '6b6cf5e699d78c5ab74f85557a25799b') in 0.067337 seconds
  Import took 0.072520 seconds .

========================================================================
Received Import Request.
  Time since last request: 0.000436 seconds.
  path: Assets/Settings/UniversalRenderPipelineAsset_Renderer.asset
  artifactKey: Guid(49897d0bb6bb29a4ea6c1ec9b0c17733) Importer(815301076,1909f56bfc062723c751e8b465ee728b)
Start importing Assets/Settings/UniversalRenderPipelineAsset_Renderer.asset using Guid(49897d0bb6bb29a4ea6c1ec9b0c17733) Importer(815301076,1909f56bfc062723c751e8b465ee728b)  -> (artifact id: 'eea3c63c30b1fe21c7e4795bcee0a50f') in 0.027324 seconds
  Import took 0.033137 seconds .

========================================================================
Received Import Request.
  Time since last request: 504.896771 seconds.
  path: Assets/Scenes
  artifactKey: Guid(d417803237d0b484baa4fec7915418f3) Importer(815301076,1909f56bfc062723c751e8b465ee728b)
Start importing Assets/Scenes using Guid(d417803237d0b484baa4fec7915418f3) Importer(815301076,1909f56bfc062723c751e8b465ee728b)  -> (artifact id: '61224e9cd5f5d964faa83b1b293096e7') in 0.007981 seconds
  Import took 0.012545 seconds .

========================================================================
Received Import Request.
  Time since last request: 56.309275 seconds.
  path: Assets/Scenes/Picker3D.unity
  artifactKey: Guid(9abeb3f58937bc74784132eb8e70de0d) Importer(815301076,1909f56bfc062723c751e8b465ee728b)
Start importing Assets/Scenes/Picker3D.unity using Guid(9abeb3f58937bc74784132eb8e70de0d) Importer(815301076,1909f56bfc062723c751e8b465ee728b)  -> (artifact id: '4a89c06f4338bb3bce5bed26a69593d6') in 0.009421 seconds
  Import took 0.015625 seconds .

========================================================================
Received Prepare
Shader 'Universal Render Pipeline/Particles/Lit': fallback shader 'Universal Render Pipeline/Particles/SimpleLit' not found
Refreshing native plugins compatible for Editor in 0.92 ms, found 0 plugins.
Preloading 0 native plugins for Editor in 0.00 ms.
Unloading 52 Unused Serialized files (Serialized files now loaded: 0)
System memory in use before: 61.7 MB.
System memory in use after: 61.9 MB.

Unloading 4 unused Assets to reduce memory usage. Loaded Objects now: 2855.
Total: 4.411800 ms (FindLiveObjects: 0.397400 ms CreateObjectMapping: 0.261200 ms MarkObjects: 3.687000 ms  DeleteObjects: 0.064900 ms)

========================================================================
Received Import Request.
  Time since last request: 898.470245 seconds.
  path: Assets/Settings/UniversalRenderPipelineAsset_Renderer.asset
  artifactKey: Guid(49897d0bb6bb29a4ea6c1ec9b0c17733) Importer(815301076,1909f56bfc062723c751e8b465ee728b)
Start importing Assets/Settings/UniversalRenderPipelineAsset_Renderer.asset using Guid(49897d0bb6bb29a4ea6c1ec9b0c17733) Importer(815301076,1909f56bfc062723c751e8b465ee728b)  -> (artifact id: '7600997cb49384b12be26f0a07cd4b43') in 0.002517 seconds
  Import took 0.006442 seconds .

========================================================================
Received Import Request.
  Time since last request: 0.000338 seconds.
  path: Assets/Settings/UniversalRenderPipelineAsset.asset
  artifactKey: Guid(17527289b4659914fb84ec15c684132d) Importer(815301076,1909f56bfc062723c751e8b465ee728b)
Start importing Assets/Settings/UniversalRenderPipelineAsset.asset using Guid(17527289b4659914fb84ec15c684132d) Importer(815301076,1909f56bfc062723c751e8b465ee728b)  -> (artifact id: '1d8177bde6095973d0c1338400675234') in 0.002485 seconds
  Import took 0.005880 seconds .

AssetImportWorkerClient::OnTransportError - code=2 error=End of file
